<?xml version="1.0" encoding="UTF-8"?>
<!-- Generated by org.testng.reporters.JUnitReportReporter -->
<testsuite skipped="0" hostname="ATMECSINDT-046" name="com.atmecs.assessmenttask.testscripts.PolicyDateEvaluator" tests="1" failures="0" timestamp="26 Nov 2019 06:54:22 GMT" time="7.136" errors="0">
  <testcase name="policyDateEvaluator" time="7.136" classname="com.atmecs.assessmenttask.testscripts.PolicyDateEvaluator"/>
</testsuite> <!-- com.atmecs.assessmenttask.testscripts.PolicyDateEvaluator -->
